\BOOKMARK [1][-]{section*.1}{\376\377\000I\000N\000S\000T\000I\000T\000U\000T\000O\000\040\000F\000E\000D\000E\000R\000A\000L\000\040\000G\000O\000I\000\302\000N\000O}{}% 1
\BOOKMARK [2][-]{section*.2}{\376\377\000I\000n\000t\000e\000l\000i\000g\000\352\000n\000c\000i\000a\000\040\000A\000r\000t\000i\000f\000i\000c\000i\000a\000l\000\040\000A\000p\000l\000i\000c\000a\000d\000a\000\040\000a\000\040\000D\000a\000d\000o\000s\000\040\000C\000o\000r\000p\000o\000r\000a\000t\000i\000v\000o\000s}{section*.1}% 2
\BOOKMARK [3][-]{section*.3}{\376\377\000T\000r\000a\000b\000a\000l\000h\000o\000\040\000d\000e\000\040\000C\000o\000n\000c\000l\000u\000s\000\343\000o\000\040\000d\000e\000\040\000T\000r\000i\000l\000h\000a\000\040\000d\000e\000\040\000A\000p\000r\000e\000n\000d\000i\000z\000a\000g\000e\000m\000:\000\040\000I}{section*.2}% 3
\BOOKMARK [1][-]{section*.4}{\376\377\0001\000.\000\040\000A\000p\000r\000e\000s\000e\000n\000t\000a\000\347\000\343\000o\000\040\000d\000o\000\040\000A\000l\000u\000n\000o\000\040\000e\000\040\000C\000o\000n\000t\000e\000x\000t\000o}{}% 4
\BOOKMARK [1][-]{section*.5}{\376\377\0002\000.\000\040\000I\000n\000t\000r\000o\000d\000u\000\347\000\343\000o\000\040\000e\000\040\000D\000e\000f\000i\000n\000i\000\347\000\343\000o\000\040\000d\000o\000\040\000P\000r\000o\000b\000l\000e\000m\000a}{}% 5
\BOOKMARK [2][-]{section*.6}{\376\377\0002\000.\0001\000\040\000F\000r\000a\000g\000m\000e\000n\000t\000a\000\347\000\343\000o\000\040\000d\000a\000s\000\040\000I\000n\000f\000o\000r\000m\000a\000\347\000\365\000e\000s}{section*.5}% 6
\BOOKMARK [2][-]{section*.7}{\376\377\0002\000.\0002\000\040\000E\000l\000e\000v\000a\000d\000a\000\040\000C\000o\000m\000p\000l\000e\000x\000i\000d\000a\000d\000e\000\040\000d\000e\000\040\000A\000n\000\341\000l\000i\000s\000e}{section*.5}% 7
\BOOKMARK [2][-]{section*.8}{\376\377\0002\000.\0003\000\040\000D\000i\000f\000i\000c\000u\000l\000d\000a\000d\000e\000\040\000d\000e\000\040\000I\000d\000e\000n\000t\000i\000f\000i\000c\000a\000\347\000\343\000o\000\040\000d\000e\000\040\000P\000a\000d\000r\000\365\000e\000s}{section*.5}% 8
\BOOKMARK [1][-]{section*.9}{\376\377\0003\000.\000\040\000M\000e\000t\000o\000d\000o\000l\000o\000g\000i\000a\000\040\000e\000\040\000E\000s\000c\000o\000l\000h\000a\000\040\000d\000a\000\040\000T\000\351\000c\000n\000i\000c\000a\000\040\000d\000e\000\040\000I\000A}{}% 9
\BOOKMARK [2][-]{section*.10}{\376\377\0003\000.\0001\000\040\000F\000o\000r\000m\000a\000l\000i\000z\000a\000\347\000\343\000o\000\040\000d\000o\000\040\000M\000o\000d\000e\000l\000o\000\040\000e\000m\000\040\000G\000r\000a\000f\000o\000s}{section*.9}% 10
\BOOKMARK [3][-]{section*.11}{\376\377\0003\000.\0001\000.\0001\000\040\000C\000o\000n\000j\000u\000n\000t\000o\000\040\000d\000e\000\040\000N\000\363\000s\000\040\000\050\000V\000\051}{section*.10}% 11
\BOOKMARK [3][-]{section*.12}{\376\377\0003\000.\0001\000.\0002\000\040\000C\000o\000n\000j\000u\000n\000t\000o\000\040\000d\000e\000\040\000A\000r\000e\000s\000t\000a\000s\000\040\000\050\000E\000\051}{section*.10}% 12
\BOOKMARK [3][-]{section*.13}{\376\377\0003\000.\0001\000.\0003\000\040\000D\000e\000f\000i\000n\000i\000\347\000\343\000o\000\040\000d\000o\000s\000\040\000P\000e\000s\000o\000s}{section*.10}% 13
\BOOKMARK [3][-]{section*.14}{\376\377\0003\000.\0001\000.\0004\000\040\000A\000l\000g\000o\000r\000i\000t\000m\000o\000\040\000d\000e\000\040\000D\000i\000j\000k\000s\000t\000r\000a}{section*.10}% 14
\BOOKMARK [2][-]{section*.15}{\376\377\0003\000.\0002\000\040\000P\000r\000o\000c\000e\000s\000s\000o\000\040\000M\000e\000t\000o\000d\000o\000l\000\363\000g\000i\000c\000o}{section*.9}% 15
\BOOKMARK [1][-]{section*.16}{\376\377\0004\000.\000\040\000I\000m\000p\000l\000e\000m\000e\000n\000t\000a\000\347\000\343\000o\000\040\000d\000a\000\040\000S\000o\000l\000u\000\347\000\343\000o}{}% 16
\BOOKMARK [2][-]{section*.17}{\376\377\0004\000.\0001\000\040\000E\000s\000t\000r\000u\000t\000u\000r\000a\000\347\000\343\000o\000\040\000d\000o\000s\000\040\000D\000a\000d\000o\000s}{section*.16}% 17
\BOOKMARK [2][-]{section*.18}{\376\377\0004\000.\0002\000\040\000D\000e\000f\000i\000n\000i\000\347\000\343\000o\000\040\000d\000o\000\040\000P\000r\000o\000b\000l\000e\000m\000a\000\040\000d\000e\000\040\000B\000u\000s\000c\000a}{section*.16}% 18
\BOOKMARK [3][-]{section*.19}{\376\377\0004\000.\0002\000.\0001\000\040\000E\000s\000t\000a\000d\000o\000\040\000I\000n\000i\000c\000i\000a\000l}{section*.18}% 19
\BOOKMARK [3][-]{section*.20}{\376\377\0004\000.\0002\000.\0002\000\040\000E\000s\000p\000a\000\347\000o\000\040\000d\000e\000\040\000E\000s\000t\000a\000d\000o\000s}{section*.18}% 20
\BOOKMARK [3][-]{section*.21}{\376\377\0004\000.\0002\000.\0003\000\040\000A\000\347\000\365\000e\000s\000\040\000\050\000T\000r\000a\000n\000s\000i\000\347\000\365\000e\000s\000\051}{section*.18}% 21
\BOOKMARK [3][-]{section*.22}{\376\377\0004\000.\0002\000.\0004\000\040\000C\000u\000s\000t\000o\000\040\000d\000o\000\040\000C\000a\000m\000i\000n\000h\000o}{section*.18}% 22
\BOOKMARK [3][-]{section*.23}{\376\377\0004\000.\0002\000.\0005\000\040\000O\000b\000j\000e\000t\000i\000v\000o}{section*.18}% 23
\BOOKMARK [2][-]{section*.24}{\376\377\0004\000.\0003\000\040\000P\000a\000r\000a\000m\000e\000t\000r\000i\000z\000a\000\347\000\343\000o\000\040\000d\000o\000\040\000A\000l\000g\000o\000r\000i\000t\000m\000o}{section*.16}% 24
\BOOKMARK [2][-]{section*.25}{\376\377\0004\000.\0004\000\040\000P\000r\000i\000n\000c\000i\000p\000a\000i\000s\000\040\000F\000u\000n\000\347\000\365\000e\000s\000\040\000I\000m\000p\000l\000e\000m\000e\000n\000t\000a\000d\000a\000s}{section*.16}% 25
\BOOKMARK [1][-]{section*.26}{\376\377\0005\000.\000\040\000R\000e\000s\000u\000l\000t\000a\000d\000o\000s\000\040\000e\000\040\000C\000o\000m\000p\000a\000r\000a\000\347\000\365\000e\000s}{}% 26
\BOOKMARK [2][-]{section*.32}{\376\377\000A\000p\000l\000i\000c\000a\000\347\000\343\000o\000\040\000d\000e\000\040\000D\000i\000j\000k\000s\000t\000r\000a}{section*.26}% 27
\BOOKMARK [2][-]{section*.33}{\376\377\000E\000x\000e\000m\000p\000l\000o\000\040\000d\000e\000\040\000c\000a\000m\000i\000n\000h\000o\000\040\000m\000\355\000n\000i\000m\000o\000\040\000i\000d\000e\000n\000t\000i\000f\000i\000c\000a\000d\000o}{section*.26}% 28
\BOOKMARK [1][-]{section*.34}{\376\377\0006\000.\000\040\000P\000e\000r\000s\000p\000e\000c\000t\000i\000v\000a\000\040\000d\000e\000\040\000E\000v\000o\000l\000u\000\347\000\343\000o\000\040\000d\000o\000\040\000T\000r\000a\000b\000a\000l\000h\000o}{}% 29
\BOOKMARK [2][-]{section*.35}{\376\377\0006\000.\0001\000\040\000O\000r\000g\000a\000n\000i\000z\000a\000\347\000\343\000o\000\040\000e\000\040\000E\000n\000g\000e\000n\000h\000a\000r\000i\000a\000\040\000d\000o\000s\000\040\000D\000a\000d\000o\000s\000\040\000d\000e\000\040\000E\000n\000t\000r\000a\000d\000a\000\040\000\050\000X\000\051}{section*.34}% 30
\BOOKMARK [2][-]{section*.36}{\376\377\0006\000.\0002\000\040\000R\000e\000p\000r\000e\000s\000e\000n\000t\000a\000\347\000\343\000o\000\040\000e\000\040\000A\000r\000q\000u\000i\000t\000e\000t\000u\000r\000a\000\040\000T\000e\000\363\000r\000i\000c\000a\000\040\000d\000a\000\040\000R\000e\000d\000e}{section*.34}% 31
\BOOKMARK [2][-]{section*.37}{\376\377\0006\000.\0003\000\040\000E\000s\000t\000r\000u\000t\000u\000r\000a\000\040\000d\000a\000\040\000S\000a\000\355\000d\000a\000\040\000E\000s\000p\000e\000r\000a\000d\000a\000\040\000\050\000Y\000\051}{section*.34}% 32
\BOOKMARK [1][-]{section*.38}{\376\377\0007\000.\000\040\000C\000o\000n\000c\000l\000u\000s\000\365\000e\000s}{}% 33
\BOOKMARK [1][-]{section*.39}{\376\377\0008\000.\000\040\000R\000e\000f\000e\000r\000\352\000n\000c\000i\000a\000s\000\040\000B\000i\000b\000l\000i\000o\000g\000r\000\341\000f\000i\000c\000a\000s}{}% 34
